<?xml version="1.0" encoding="UTF-8"?>
<testng-results ignored="0" total="1" passed="1" failed="0" skipped="0">
  <reporter-output>
  </reporter-output>
  <suite started-at="2022-06-09T14:36:21Z" name="Demo" finished-at="2022-06-09T14:36:21Z" duration-ms="7">
    <groups>
    </groups>
    <test started-at="2022-06-09T14:36:21Z" name="All tests" finished-at="2022-06-09T14:36:21Z" duration-ms="7">
      <class name="Start">
        <test-method signature="startProject()[pri:0, instance:Start@50ad3bc1]" started-at="2022-06-09T14:36:21Z" name="startProject" finished-at="2022-06-09T14:36:21Z" duration-ms="2" status="PASS">
          <reporter-output>
          </reporter-output>
        </test-method> <!-- startProject -->
      </class> <!-- Start -->
    </test> <!-- All tests -->
  </suite> <!-- Demo -->
</testng-results>
